<?xml version="1.0" encoding="UTF-8"?>
<!-- Generated by org.testng.reporters.JUnitReportReporter -->
<testsuite skipped="0" hostname="VSURE-LAP" name="org.selenium.SampleSeleniumProject.GmailHomeTest" tests="1" failures="0" timestamp="17 Feb 2019 14:53:52 GMT" time="0.018" errors="0">
  <testcase name="GmailHome_SendEmail" time="0.018" classname="org.selenium.SampleSeleniumProject.GmailHomeTest"/>
</testsuite> <!-- org.selenium.SampleSeleniumProject.GmailHomeTest -->
