<?xml version="1.0" encoding="UTF-8"?>
<!-- Generated by org.testng.reporters.JUnitReportReporter -->
<testsuite skipped="0" hostname="VSURE-LAP" name="org.selenium.SampleSeleniumProject.GmailTest" tests="1" failures="0" timestamp="16 Feb 2019 15:30:22 GMT" time="58.892" errors="0">
  <testcase name="loginIntoGmail" time="58.892" classname="org.selenium.SampleSeleniumProject.GmailTest"/>
</testsuite> <!-- org.selenium.SampleSeleniumProject.GmailTest -->
