<?xml version="1.0" encoding="UTF-8"?>
<!-- Generated by org.testng.reporters.JUnitReportReporter -->
<testsuite skipped="0" hostname="VSURE-LAP" name="org.selenium.SampleSeleniumProject.GmailLoginTest" tests="3" failures="0" timestamp="17 Feb 2019 15:14:30 GMT" time="133.076" errors="0">
  <testcase name="loginIntoGmail_wrongPassword" time="36.142" classname="org.selenium.SampleSeleniumProject.GmailLoginTest"/>
  <testcase name="loginIntoGmail" time="63.282" classname="org.selenium.SampleSeleniumProject.GmailLoginTest"/>
  <testcase name="loginIntoGmail_wrongEmail" time="33.652" classname="org.selenium.SampleSeleniumProject.GmailLoginTest"/>
</testsuite> <!-- org.selenium.SampleSeleniumProject.GmailLoginTest -->
