<?xml version="1.0" encoding="UTF-8"?>
<!-- Generated by org.testng.reporters.JUnitReportReporter -->
<testsuite skipped="0" hostname="VSURE-LAP" name="org.selenium.SampleSeleniumProject.GmailLogoutTest" tests="2" failures="0" timestamp="17 Feb 2019 15:14:30 GMT" time="152.750" errors="0">
  <testcase name="GmailLogout" time="75.271" classname="org.selenium.SampleSeleniumProject.GmailLogoutTest"/>
  <testcase name="GmailLogout_removeAccount" time="77.479" classname="org.selenium.SampleSeleniumProject.GmailLogoutTest"/>
</testsuite> <!-- org.selenium.SampleSeleniumProject.GmailLogoutTest -->
