<?xml version="1.0" encoding="UTF-8"?>
<!-- Generated by org.testng.reporters.JUnitReportReporter -->
<testsuite skipped="0" hostname="VSURE-LAP" name="org.selenium.SampleSeleniumProject.GmailTests" tests="1" failures="0" timestamp="15 Feb 2019 15:49:36 GMT" time="0.027" errors="0">
  <testcase name="f" time="0.027" classname="org.selenium.SampleSeleniumProject.GmailTests"/>
</testsuite> <!-- org.selenium.SampleSeleniumProject.GmailTests -->
